# JRE version: OpenJDK Runtime Environment (7.0_65-b32) (build 1.7.0_65-b32)
# Java VM: OpenJDK 64-Bit Server VM (24.65-b04 mixed mode linux-amd64 compressed oops)
Heap
 PSYoungGen      total 87552K, used 5120K [0x00000007d7700000, 0x00000007dd680000, 0x0000000800000000)
  eden space 82432K, 0% used [0x00000007d7700000,0x00000007d7700000,0x00000007dc780000)
  from space 5120K, 100% used [0x00000007dcc80000,0x00000007dd180000,0x00000007dd180000)
  to   space 5120K, 0% used [0x00000007dd180000,0x00000007dd180000,0x00000007dd680000)
 ParOldGen       total 265728K, used 263772K [0x0000000786600000, 0x0000000796980000, 0x00000007d7700000)
  object space 265728K, 99% used [0x0000000786600000,0x0000000796797008,0x0000000796980000)
 PSPermGen       total 21504K, used 2853K [0x000000077c000000, 0x000000077d500000, 0x0000000786600000)
  object space 21504K, 13% used [0x000000077c000000,0x000000077c2c9668,0x000000077d500000)
GC Heap History (10 events):
Event: 2.005 GC heap after
Heap after GC invocations=2 (full 0):
 PSYoungGen      total 67584K, used 5120K [0x00000007d7700000, 0x00000007dbe00000, 0x0000000800000000)
  eden space 62464K, 0% used [0x00000007d7700000,0x00000007d7700000,0x00000007db400000)
  from space 5120K, 100% used [0x00000007db900000,0x00000007dbe00000,0x00000007dbe00000)
  to   space 5120K, 0% used [0x00000007db400000,0x00000007db400000,0x00000007db900000)
 ParOldGen       total 82944K, used 56120K [0x0000000786600000, 0x000000078b700000, 0x00000007d7700000)
  object space 82944K, 67% used [0x0000000786600000,0x0000000789cce000,0x000000078b700000)
 PSPermGen       total 21504K, used 2854K [0x000000077c000000, 0x000000077d500000, 0x0000000786600000)
  object space 21504K, 13% used [0x000000077c000000,0x000000077c2c99f8,0x000000077d500000)
}
Event: 2.005 GC heap before
{Heap before GC invocations=3 (full 1):
 PSYoungGen      total 67584K, used 5120K [0x00000007d7700000, 0x00000007dbe00000, 0x0000000800000000)
  eden space 62464K, 0% used [0x00000007d7700000,0x00000007d7700000,0x00000007db400000)
  from space 5120K, 100% used [0x00000007db900000,0x00000007dbe00000,0x00000007dbe00000)
  to   space 5120K, 0% used [0x00000007db400000,0x00000007db400000,0x00000007db900000)
 ParOldGen       total 82944K, used 56120K [0x0000000786600000, 0x000000078b700000, 0x00000007d7700000)
  object space 82944K, 67% used [0x0000000786600000,0x0000000789cce000,0x000000078b700000)
 PSPermGen       total 21504K, used 2854K [0x000000077c000000, 0x000000077d500000, 0x0000000786600000)
  object space 21504K, 13% used [0x000000077c000000,0x000000077c2c99f8,0x000000077d500000)
Event: 4.109 GC heap after
Heap after GC invocations=3 (full 1):
 PSYoungGen      total 67584K, used 0K [0x00000007d7700000, 0x00000007dbe00000, 0x0000000800000000)
  eden space 62464K, 0% used [0x00000007d7700000,0x00000007d7700000,0x00000007db400000)
  from space 5120K, 0% used [0x00000007db900000,0x00000007db900000,0x00000007dbe00000)
  to   space 5120K, 0% used [0x00000007db400000,0x00000007db400000,0x00000007db900000)
 ParOldGen       total 140800K, used 60949K [0x0000000786600000, 0x000000078ef80000, 0x00000007d7700000)
  object space 140800K, 43% used [0x0000000786600000,0x000000078a1854c8,0x000000078ef80000)
 PSPermGen       total 21504K, used 2853K [0x000000077c000000, 0x000000077d500000, 0x0000000786600000)
  object space 21504K, 13% used [0x000000077c000000,0x000000077c2c9668,0x000000077d500000)
}
Event: 4.356 GC heap before
{Heap before GC invocations=4 (full 1):
 PSYoungGen      total 67584K, used 62464K [0x00000007d7700000, 0x00000007dbe00000, 0x0000000800000000)
  eden space 62464K, 100% used [0x00000007d7700000,0x00000007db400000,0x00000007db400000)
  from space 5120K, 0% used [0x00000007db900000,0x00000007db900000,0x00000007dbe00000)
  to   space 5120K, 0% used [0x00000007db400000,0x00000007db400000,0x00000007db900000)
 ParOldGen       total 140800K, used 60949K [0x0000000786600000, 0x000000078ef80000, 0x00000007d7700000)
  object space 140800K, 43% used [0x0000000786600000,0x000000078a1854c8,0x000000078ef80000)
 PSPermGen       total 21504K, used 2853K [0x000000077c000000, 0x000000077d500000, 0x0000000786600000)
  object space 21504K, 13% used [0x000000077c000000,0x000000077c2c9668,0x000000077d500000)
Event: 4.924 GC heap after
Heap after GC invocations=4 (full 1):
 PSYoungGen      total 67584K, used 5120K [0x00000007d7700000, 0x00000007dd680000, 0x0000000800000000)
  eden space 62464K, 0% used [0x00000007d7700000,0x00000007d7700000,0x00000007db400000)
  from space 5120K, 100% used [0x00000007db400000,0x00000007db900000,0x00000007db900000)
  to   space 5120K, 0% used [0x00000007dd180000,0x00000007dd180000,0x00000007dd680000)
 ParOldGen       total 140800K, used 118533K [0x0000000786600000, 0x000000078ef80000, 0x00000007d7700000)
  object space 140800K, 84% used [0x0000000786600000,0x000000078d9c14c8,0x000000078ef80000)
 PSPermGen       total 21504K, used 2853K [0x000000077c000000, 0x000000077d500000, 0x0000000786600000)
  object space 21504K, 13% used [0x000000077c000000,0x000000077c2c9668,0x000000077d500000)
}
Event: 4.924 GC heap before
{Heap before GC invocations=5 (full 2):
 PSYoungGen      total 67584K, used 5120K [0x00000007d7700000, 0x00000007dd680000, 0x0000000800000000)
  eden space 62464K, 0% used [0x00000007d7700000,0x00000007d7700000,0x00000007db400000)
  from space 5120K, 100% used [0x00000007db400000,0x00000007db900000,0x00000007db900000)
  to   space 5120K, 0% used [0x00000007dd180000,0x00000007dd180000,0x00000007dd680000)
 ParOldGen       total 140800K, used 118533K [0x0000000786600000, 0x000000078ef80000, 0x00000007d7700000)
  object space 140800K, 84% used [0x0000000786600000,0x000000078d9c14c8,0x000000078ef80000)
 PSPermGen       total 21504K, used 2853K [0x000000077c000000, 0x000000077d500000, 0x0000000786600000)
  object space 21504K, 13% used [0x000000077c000000,0x000000077c2c9668,0x000000077d500000)
Event: 9.543 GC heap after
Heap after GC invocations=5 (full 2):
 PSYoungGen      total 67584K, used 0K [0x00000007d7700000, 0x00000007dd680000, 0x0000000800000000)
  eden space 62464K, 0% used [0x00000007d7700000,0x00000007d7700000,0x00000007db400000)
  from space 5120K, 0% used [0x00000007db400000,0x00000007db400000,0x00000007db900000)
  to   space 5120K, 0% used [0x00000007dd180000,0x00000007dd180000,0x00000007dd680000)
 ParOldGen       total 265728K, used 123412K [0x0000000786600000, 0x0000000796980000, 0x00000007d7700000)
  object space 265728K, 46% used [0x0000000786600000,0x000000078de85008,0x0000000796980000)
 PSPermGen       total 21504K, used 2853K [0x000000077c000000, 0x000000077d500000, 0x0000000786600000)
  object space 21504K, 13% used [0x000000077c000000,0x000000077c2c9668,0x000000077d500000)
}
Event: 9.805 GC heap before
{Heap before GC invocations=6 (full 2):
 PSYoungGen      total 67584K, used 62464K [0x00000007d7700000, 0x00000007dd680000, 0x0000000800000000)
  eden space 62464K, 100% used [0x00000007d7700000,0x00000007db400000,0x00000007db400000)
  from space 5120K, 0% used [0x00000007db400000,0x00000007db400000,0x00000007db900000)
  to   space 5120K, 0% used [0x00000007dd180000,0x00000007dd180000,0x00000007dd680000)
 ParOldGen       total 265728K, used 123412K [0x0000000786600000, 0x0000000796980000, 0x00000007d7700000)
  object space 265728K, 46% used [0x0000000786600000,0x000000078de85008,0x0000000796980000)
 PSPermGen       total 21504K, used 2853K [0x000000077c000000, 0x000000077d500000, 0x0000000786600000)
  object space 21504K, 13% used [0x000000077c000000,0x000000077c2c9668,0x000000077d500000)
Event: 10.936 GC heap after
Heap after GC invocations=6 (full 2):
 PSYoungGen      total 87552K, used 5120K [0x00000007d7700000, 0x00000007dd680000, 0x0000000800000000)
  eden space 82432K, 0% used [0x00000007d7700000,0x00000007d7700000,0x00000007dc780000)
  from space 5120K, 100% used [0x00000007dd180000,0x00000007dd680000,0x00000007dd680000)
  to   space 5120K, 0% used [0x00000007dcc80000,0x00000007dcc80000,0x00000007dd180000)
 ParOldGen       total 265728K, used 181004K [0x0000000786600000, 0x0000000796980000, 0x00000007d7700000)
  object space 265728K, 68% used [0x0000000786600000,0x00000007916c3008,0x0000000796980000)
 PSPermGen       total 21504K, used 2853K [0x000000077c000000, 0x000000077d500000, 0x0000000786600000)
  object space 21504K, 13% used [0x000000077c000000,0x000000077c2c9668,0x000000077d500000)
}
Event: 11.238 GC heap before
{Heap before GC invocations=7 (full 2):
 PSYoungGen      total 87552K, used 87552K [0x00000007d7700000, 0x00000007dd680000, 0x0000000800000000)
  eden space 82432K, 100% used [0x00000007d7700000,0x00000007dc780000,0x00000007dc780000)
  from space 5120K, 100% used [0x00000007dd180000,0x00000007dd680000,0x00000007dd680000)
  to   space 5120K, 0% used [0x00000007dcc80000,0x00000007dcc80000,0x00000007dd180000)
 ParOldGen       total 265728K, used 181004K [0x0000000786600000, 0x0000000796980000, 0x00000007d7700000)
  object space 265728K, 68% used [0x0000000786600000,0x00000007916c3008,0x0000000796980000)
 PSPermGen       total 21504K, used 2853K [0x000000077c000000, 0x000000077d500000, 0x0000000786600000)
  object space 21504K, 13% used [0x000000077c000000,0x000000077c2c9668,0x000000077d500000)

